2025-03-30 03:10:41,360 - INFO - --- New Session Started ---
2025-03-30 03:10:43,065 - INFO - ========== [Agent Completed] EventParserAgent finished in 1.71 seconds ==========
2025-03-30 03:10:45,268 - INFO - ========== [Agent Completed] EntityExpanderAgent finished in 2.20 seconds ==========
2025-03-30 03:10:47,820 - INFO - ========== [Agent Completed] EventGroundingAgent finished in 2.55 seconds ==========
2025-03-30 03:10:59,269 - INFO - ========== [Agent Completed] EventBrancherAgent finished in 11.45 seconds ==========
2025-03-30 03:11:05,126 - INFO - ========== [Agent Completed] AssetImpactMapperAgent finished in 5.86 seconds ==========
2025-03-30 03:11:19,499 - INFO - ========== [Agent Completed] SearchPlannerAgent finished in 14.37 seconds ==========
2025-03-30 03:11:46,512 - INFO - Added in.investing.com to blacklist.
2025-03-30 03:11:47,790 - INFO - Added powersportsbusiness.com to blacklist.
2025-03-30 03:11:48,168 - INFO - Added news.darden.virginia.edu to blacklist.
2025-03-30 03:12:10,382 - INFO - Query Block 1: Total=50.88s | Fetch=46.53s | GPT=4.35s
2025-03-30 03:12:12,449 - INFO - Query Block 3: Total=52.95s | Fetch=48.51s | GPT=4.44s
2025-03-30 03:12:13,309 - INFO - Query Block 0: Total=53.81s | Fetch=49.30s | GPT=4.50s
2025-03-30 03:12:14,428 - INFO - Query Block 4: Total=54.93s | Fetch=50.26s | GPT=4.66s
2025-03-30 03:12:14,996 - INFO - Query Block 2: Total=55.49s | Fetch=50.58s | GPT=4.92s
2025-03-30 03:12:14,997 - INFO - WebContentAnalyzerAgent: Completed analysis for 5 new query blocks in 55.50s.
2025-03-30 03:12:14,997 - INFO - ========== [Agent Completed] WebContentAnalyzerAgent finished in 55.50 seconds ==========
2025-03-30 03:12:14,997 - INFO - Skipping scenarios generation — forecast agent disabled.
2025-03-30 03:12:14,998 - INFO - Skipping report generation — report agent disabled.
2025-03-30 03:12:14,998 - INFO - Skipping evaluation generation — evaluator agent disabled.
2025-03-30 03:12:15,013 - INFO - Belief state saved. Versioned copy: memory/versions\belief_state_2025-03-30T00-12-15.json
2025-03-30 03:12:15,013 - INFO - Session complete. Belief state updated.
2025-03-30 03:12:15,032 - INFO - Belief state saved. Versioned copy: memory/versions\belief_state_2025-03-30T00-12-15.json
